#! /usr/bin/vvp
:ivl_version "11.0 (stable)";
:ivl_delay_selection "TYPICAL";
:vpi_time_precision - 12;
:vpi_module "/usr/lib/x86_64-linux-gnu/ivl/system.vpi";
:vpi_module "/usr/lib/x86_64-linux-gnu/ivl/vhdl_sys.vpi";
:vpi_module "/usr/lib/x86_64-linux-gnu/ivl/vhdl_textio.vpi";
:vpi_module "/usr/lib/x86_64-linux-gnu/ivl/v2005_math.vpi";
:vpi_module "/usr/lib/x86_64-linux-gnu/ivl/va_math.vpi";
S_0x615af5fe8db0 .scope module, "wallace_tree_sum_tb" "wallace_tree_sum_tb" 2 3;
 .timescale -9 -12;
v0x615af6048f40_0 .var "clk", 0 0;
v0x615af6049000_0 .var "data_in", 255 0;
v0x615af60490a0_0 .var "rst_n", 0 0;
v0x615af60491a0_0 .net "sum_out", 31 0, v0x615af6048810_0;  1 drivers
v0x615af6049270_0 .var "valid_in", 0 0;
v0x615af6049310_0 .net "valid_out", 0 0, v0x615af6048dc0_0;  1 drivers
S_0x615af5fe8f40 .scope module, "uut" "wallace_tree_sum" 2 13, 3 1 0, S_0x615af5fe8db0;
 .timescale -9 -12;
    .port_info 0 /INPUT 1 "clk";
    .port_info 1 /INPUT 1 "rst_n";
    .port_info 2 /INPUT 1 "valid_in";
    .port_info 3 /INPUT 256 "data_in";
    .port_info 4 /OUTPUT 1 "valid_out";
    .port_info 5 /OUTPUT 32 "sum_out";
P_0x615af5fea620 .param/l "DATA_WIDTH" 0 3 2, +C4<00000000000000000000000100000000>;
P_0x615af5fea660 .param/l "NUM" 0 3 4, +C4<00000000000000000000000000001000>;
P_0x615af5fea6a0 .param/l "OUTPUT_WIDTH" 0 3 3, +C4<00000000000000000000000000100000>;
v0x615af6011bd0_0 .net "clk", 0 0, v0x615af6048f40_0;  1 drivers
v0x615af6013340_0 .net "data_in", 255 0, v0x615af6049000_0;  1 drivers
v0x615af60133e0_0 .var "final_sum", 31 0;
v0x615af6014670_0 .net "rst_n", 0 0, v0x615af60490a0_0;  1 drivers
v0x615af6048810_0 .var "sum_out", 31 0;
v0x615af6048940 .array "sum_stage1", 0 3, 31 0;
v0x615af6048a00 .array "sum_stage2", 0 1, 31 0;
v0x615af6048ac0_0 .var "v_final", 0 0;
v0x615af6048b80_0 .var "v_stage1", 0 0;
v0x615af6048c40_0 .var "v_stage2", 0 0;
v0x615af6048d00_0 .net "valid_in", 0 0, v0x615af6049270_0;  1 drivers
v0x615af6048dc0_0 .var "valid_out", 0 0;
E_0x615af6017c00 .event posedge, v0x615af6011bd0_0;
E_0x615af6017b30/0 .event negedge, v0x615af6014670_0;
E_0x615af6017b30/1 .event posedge, v0x615af6011bd0_0;
E_0x615af6017b30 .event/or E_0x615af6017b30/0, E_0x615af6017b30/1;
    .scope S_0x615af5fe8f40;
T_0 ;
    %wait E_0x615af6017b30;
    %load/vec4 v0x615af6014670_0;
    %nor/r;
    %flag_set/vec4 8;
    %jmp/0xz  T_0.0, 8;
    %pushi/vec4 0, 0, 32;
    %ix/load 3, 0, 0;
    %flag_set/imm 4, 0;
    %ix/load 4, 0, 0; Constant delay
    %assign/vec4/a/d v0x615af6048940, 0, 4;
    %pushi/vec4 0, 0, 32;
    %ix/load 3, 1, 0;
    %flag_set/imm 4, 0;
    %ix/load 4, 0, 0; Constant delay
    %assign/vec4/a/d v0x615af6048940, 0, 4;
    %pushi/vec4 0, 0, 32;
    %ix/load 3, 2, 0;
    %flag_set/imm 4, 0;
    %ix/load 4, 0, 0; Constant delay
    %assign/vec4/a/d v0x615af6048940, 0, 4;
    %pushi/vec4 0, 0, 32;
    %ix/load 3, 3, 0;
    %flag_set/imm 4, 0;
    %ix/load 4, 0, 0; Constant delay
    %assign/vec4/a/d v0x615af6048940, 0, 4;
    %pushi/vec4 0, 0, 1;
    %assign/vec4 v0x615af6048b80_0, 0;
    %jmp T_0.1;
T_0.0 ;
    %load/vec4 v0x615af6048d00_0;
    %flag_set/vec4 8;
    %jmp/0xz  T_0.2, 8;
    %load/vec4 v0x615af6013340_0;
    %parti/s 32, 0, 2;
    %load/vec4 v0x615af6013340_0;
    %parti/s 32, 32, 7;
    %add;
    %ix/load 3, 0, 0;
    %flag_set/imm 4, 0;
    %ix/load 4, 0, 0; Constant delay
    %assign/vec4/a/d v0x615af6048940, 0, 4;
    %load/vec4 v0x615af6013340_0;
    %parti/s 32, 64, 8;
    %load/vec4 v0x615af6013340_0;
    %parti/s 32, 96, 8;
    %add;
    %ix/load 3, 1, 0;
    %flag_set/imm 4, 0;
    %ix/load 4, 0, 0; Constant delay
    %assign/vec4/a/d v0x615af6048940, 0, 4;
    %load/vec4 v0x615af6013340_0;
    %parti/s 32, 128, 9;
    %load/vec4 v0x615af6013340_0;
    %parti/s 32, 160, 9;
    %add;
    %ix/load 3, 2, 0;
    %flag_set/imm 4, 0;
    %ix/load 4, 0, 0; Constant delay
    %assign/vec4/a/d v0x615af6048940, 0, 4;
    %load/vec4 v0x615af6013340_0;
    %parti/s 32, 192, 9;
    %load/vec4 v0x615af6013340_0;
    %parti/s 32, 224, 9;
    %add;
    %ix/load 3, 3, 0;
    %flag_set/imm 4, 0;
    %ix/load 4, 0, 0; Constant delay
    %assign/vec4/a/d v0x615af6048940, 0, 4;
    %pushi/vec4 1, 0, 1;
    %assign/vec4 v0x615af6048b80_0, 0;
    %jmp T_0.3;
T_0.2 ;
    %pushi/vec4 0, 0, 1;
    %assign/vec4 v0x615af6048b80_0, 0;
T_0.3 ;
T_0.1 ;
    %jmp T_0;
    .thread T_0;
    .scope S_0x615af5fe8f40;
T_1 ;
    %wait E_0x615af6017b30;
    %load/vec4 v0x615af6014670_0;
    %nor/r;
    %flag_set/vec4 8;
    %jmp/0xz  T_1.0, 8;
    %pushi/vec4 0, 0, 32;
    %ix/load 3, 0, 0;
    %flag_set/imm 4, 0;
    %ix/load 4, 0, 0; Constant delay
    %assign/vec4/a/d v0x615af6048a00, 0, 4;
    %pushi/vec4 0, 0, 32;
    %ix/load 3, 1, 0;
    %flag_set/imm 4, 0;
    %ix/load 4, 0, 0; Constant delay
    %assign/vec4/a/d v0x615af6048a00, 0, 4;
    %pushi/vec4 0, 0, 1;
    %assign/vec4 v0x615af6048c40_0, 0;
    %jmp T_1.1;
T_1.0 ;
    %load/vec4 v0x615af6048b80_0;
    %flag_set/vec4 8;
    %jmp/0xz  T_1.2, 8;
    %ix/load 4, 0, 0;
    %flag_set/imm 4, 0;
    %load/vec4a v0x615af6048940, 4;
    %ix/load 4, 1, 0;
    %flag_set/imm 4, 0;
    %load/vec4a v0x615af6048940, 4;
    %add;
    %ix/load 3, 0, 0;
    %flag_set/imm 4, 0;
    %ix/load 4, 0, 0; Constant delay
    %assign/vec4/a/d v0x615af6048a00, 0, 4;
    %ix/load 4, 2, 0;
    %flag_set/imm 4, 0;
    %load/vec4a v0x615af6048940, 4;
    %ix/load 4, 3, 0;
    %flag_set/imm 4, 0;
    %load/vec4a v0x615af6048940, 4;
    %add;
    %ix/load 3, 1, 0;
    %flag_set/imm 4, 0;
    %ix/load 4, 0, 0; Constant delay
    %assign/vec4/a/d v0x615af6048a00, 0, 4;
    %pushi/vec4 1, 0, 1;
    %assign/vec4 v0x615af6048c40_0, 0;
    %jmp T_1.3;
T_1.2 ;
    %pushi/vec4 0, 0, 1;
    %assign/vec4 v0x615af6048c40_0, 0;
T_1.3 ;
T_1.1 ;
    %jmp T_1;
    .thread T_1;
    .scope S_0x615af5fe8f40;
T_2 ;
    %wait E_0x615af6017b30;
    %load/vec4 v0x615af6014670_0;
    %nor/r;
    %flag_set/vec4 8;
    %jmp/0xz  T_2.0, 8;
    %pushi/vec4 0, 0, 32;
    %assign/vec4 v0x615af60133e0_0, 0;
    %pushi/vec4 0, 0, 1;
    %assign/vec4 v0x615af6048ac0_0, 0;
    %jmp T_2.1;
T_2.0 ;
    %load/vec4 v0x615af6048c40_0;
    %flag_set/vec4 8;
    %jmp/0xz  T_2.2, 8;
    %ix/load 4, 0, 0;
    %flag_set/imm 4, 0;
    %load/vec4a v0x615af6048a00, 4;
    %ix/load 4, 1, 0;
    %flag_set/imm 4, 0;
    %load/vec4a v0x615af6048a00, 4;
    %add;
    %assign/vec4 v0x615af60133e0_0, 0;
    %pushi/vec4 1, 0, 1;
    %assign/vec4 v0x615af6048ac0_0, 0;
    %jmp T_2.3;
T_2.2 ;
    %pushi/vec4 0, 0, 1;
    %assign/vec4 v0x615af6048ac0_0, 0;
T_2.3 ;
T_2.1 ;
    %jmp T_2;
    .thread T_2;
    .scope S_0x615af5fe8f40;
T_3 ;
    %wait E_0x615af6017c00;
    %load/vec4 v0x615af6048ac0_0;
    %assign/vec4 v0x615af6048dc0_0, 0;
    %load/vec4 v0x615af60133e0_0;
    %assign/vec4 v0x615af6048810_0, 0;
    %jmp T_3;
    .thread T_3;
    .scope S_0x615af5fe8f40;
T_4 ;
    %wait E_0x615af6017c00;
    %vpi_call 3 79 "$display", "Stage 1: %d %d %d %d", &A<v0x615af6048940, 0>, &A<v0x615af6048940, 1>, &A<v0x615af6048940, 2>, &A<v0x615af6048940, 3> {0 0 0};
    %vpi_call 3 80 "$display", "Stage 2: %d %d", &A<v0x615af6048a00, 0>, &A<v0x615af6048a00, 1> {0 0 0};
    %vpi_call 3 81 "$display", "Final Sum: %d", v0x615af60133e0_0 {0 0 0};
    %jmp T_4;
    .thread T_4;
    .scope S_0x615af5fe8db0;
T_5 ;
    %delay 5000, 0;
    %load/vec4 v0x615af6048f40_0;
    %inv;
    %store/vec4 v0x615af6048f40_0, 0, 1;
    %jmp T_5;
    .thread T_5;
    .scope S_0x615af5fe8db0;
T_6 ;
    %vpi_call 2 27 "$dumpfile", "wave.vcd" {0 0 0};
    %vpi_call 2 28 "$dumpvars", 32'sb00000000000000000000000000000000, S_0x615af5fe8db0 {0 0 0};
    %vpi_call 2 29 "$dumpvars", 32'sb00000000000000000000000000000001, S_0x615af5fe8f40 {0 0 0};
    %pushi/vec4 0, 0, 1;
    %store/vec4 v0x615af6048f40_0, 0, 1;
    %pushi/vec4 0, 0, 1;
    %store/vec4 v0x615af60490a0_0, 0, 1;
    %pushi/vec4 0, 0, 1;
    %store/vec4 v0x615af6049270_0, 0, 1;
    %pushi/vec4 0, 0, 256;
    %store/vec4 v0x615af6049000_0, 0, 256;
    %delay 10000, 0;
    %pushi/vec4 1, 0, 1;
    %store/vec4 v0x615af60490a0_0, 0, 1;
    %delay 10000, 0;
    %pushi/vec4 1, 0, 1;
    %store/vec4 v0x615af6049270_0, 0, 1;
    %pushi/vec4 2147483649, 0, 63;
    %concati/vec4 3221225473, 0, 63;
    %concati/vec4 2684354560, 0, 63;
    %concati/vec4 3221225472, 0, 32;
    %concati/vec4 3758096385, 0, 32;
    %concati/vec4 0, 0, 3;
    %store/vec4 v0x615af6049000_0, 0, 256;
    %delay 10000, 0;
    %pushi/vec4 0, 0, 1;
    %store/vec4 v0x615af6049270_0, 0, 1;
    %delay 50000, 0;
    %vpi_call 2 46 "$finish" {0 0 0};
    %end;
    .thread T_6;
# The file index is used to find the file name in the following table.
:file_names 4;
    "N/A";
    "<interactive>";
    "8int-sum_tb.v";
    "8int-sum.v";
