#! /usr/bin/vvp
:ivl_version "11.0 (stable)";
:ivl_delay_selection "TYPICAL";
:vpi_time_precision + 0;
:vpi_module "/usr/lib/x86_64-linux-gnu/ivl/system.vpi";
:vpi_module "/usr/lib/x86_64-linux-gnu/ivl/vhdl_sys.vpi";
:vpi_module "/usr/lib/x86_64-linux-gnu/ivl/vhdl_textio.vpi";
:vpi_module "/usr/lib/x86_64-linux-gnu/ivl/v2005_math.vpi";
:vpi_module "/usr/lib/x86_64-linux-gnu/ivl/va_math.vpi";
S_0x653e96a3bb10 .scope module, "tb_wallace_tree_sum" "tb_wallace_tree_sum" 2 1;
 .timescale 0 0;
v0x653e96a5fab0_0 .var "N", 31 0;
v0x653e96a5fb90_0 .net "acc_addr", 18 0, v0x653e96a38aa0_0;  1 drivers
v0x653e96a5fc30_0 .var "acc_rdata", 255 0;
v0x653e96a5fd00_0 .var "acc_ready", 0 0;
v0x653e96a5fdd0_0 .var "acc_rvalid", 0 0;
v0x653e96a5fe70_0 .net "acc_valid", 0 0, v0x653e96a5e490_0;  1 drivers
v0x653e96a5ff40_0 .net "acc_wdata", 255 0, v0x653e96a5e550_0;  1 drivers
v0x653e96a60010_0 .net "acc_wstrb", 31 0, v0x653e96a5e630_0;  1 drivers
v0x653e96a600e0_0 .var "clk", 0 0;
v0x653e96a601b0_0 .net "done", 0 0, v0x653e96a5ea70_0;  1 drivers
v0x653e96a60280_0 .var "input_addr", 18 0;
v0x653e96a60350 .array "memory", 31 0, 255 0;
v0x653e96a603f0_0 .var "output_addr", 18 0;
v0x653e96a604c0_0 .var "read_addr", 18 0;
v0x653e96a60560_0 .var "read_delay", 1 0;
v0x653e96a60600_0 .var "read_pending", 0 0;
v0x653e96a606a0_0 .var "rst_n", 0 0;
v0x653e96a60770_0 .var "start", 0 0;
E_0x653e96a0eb40 .event edge, v0x653e96a5ea70_0;
S_0x653e96a3f890 .scope module, "dut" "int_sum_v2" 2 31, 3 1 0, S_0x653e96a3bb10;
 .timescale 0 0;
    .port_info 0 /INPUT 1 "clk";
    .port_info 1 /INPUT 1 "rst_n";
    .port_info 2 /OUTPUT 1 "acc_valid";
    .port_info 3 /OUTPUT 19 "acc_addr";
    .port_info 4 /OUTPUT 256 "acc_wdata";
    .port_info 5 /OUTPUT 32 "acc_wstrb";
    .port_info 6 /INPUT 256 "acc_rdata";
    .port_info 7 /INPUT 1 "acc_rvalid";
    .port_info 8 /INPUT 1 "acc_ready";
    .port_info 9 /INPUT 1 "start";
    .port_info 10 /INPUT 19 "input_addr";
    .port_info 11 /INPUT 19 "output_addr";
    .port_info 12 /INPUT 32 "N";
    .port_info 13 /OUTPUT 1 "done";
P_0x653e96a06b70 .param/l "DATA_WIDTH" 0 3 2, +C4<00000000000000000000000100000000>;
P_0x653e96a06bb0 .param/l "DONE" 1 3 52, +C4<00000000000000000000000000000110>;
P_0x653e96a06bf0 .param/l "IDLE" 1 3 46, +C4<00000000000000000000000000000000>;
P_0x653e96a06c30 .param/l "NUM" 0 3 4, +C4<00000000000000000000000000001000>;
P_0x653e96a06c70 .param/l "OUTPUT_WIDTH" 0 3 3, +C4<00000000000000000000000000100000>;
P_0x653e96a06cb0 .param/l "PROCESS" 1 3 49, +C4<00000000000000000000000000000011>;
P_0x653e96a06cf0 .param/l "READ_REQUEST" 1 3 47, +C4<00000000000000000000000000000001>;
P_0x653e96a06d30 .param/l "WAIT_FOR_DATA" 1 3 48, +C4<00000000000000000000000000000010>;
P_0x653e96a06d70 .param/l "WAIT_FOR_WRITE" 1 3 51, +C4<00000000000000000000000000000101>;
P_0x653e96a06db0 .param/l "WRITE_REQUEST" 1 3 50, +C4<00000000000000000000000000000100>;
v0x653e96a38a00_0 .net "N", 31 0, v0x653e96a5fab0_0;  1 drivers
v0x653e96a38aa0_0 .var "acc_addr", 18 0;
v0x653e96a3ed40_0 .net "acc_rdata", 255 0, v0x653e96a5fc30_0;  1 drivers
v0x653e96a05640_0 .net "acc_ready", 0 0, v0x653e96a5fd00_0;  1 drivers
v0x653e96a056e0_0 .net "acc_rvalid", 0 0, v0x653e96a5fdd0_0;  1 drivers
v0x653e96a5e490_0 .var "acc_valid", 0 0;
v0x653e96a5e550_0 .var "acc_wdata", 255 0;
v0x653e96a5e630_0 .var "acc_wstrb", 31 0;
v0x653e96a5e710_0 .net "clk", 0 0, v0x653e96a600e0_0;  1 drivers
v0x653e96a5e7d0_0 .var "count", 31 0;
v0x653e96a5e8b0_0 .var "current_input_addr", 18 0;
v0x653e96a5e990_0 .var "current_output_addr", 18 0;
v0x653e96a5ea70_0 .var "done", 0 0;
v0x653e96a5eb30_0 .var "final_sum", 31 0;
v0x653e96a5ec10_0 .net "input_addr", 18 0, v0x653e96a60280_0;  1 drivers
v0x653e96a5ecf0 .array "input_buffer", 3 0, 255 0;
v0x653e96a5edb0_0 .var "input_head", 1 0;
v0x653e96a5ee90_0 .var "input_tail", 1 0;
v0x653e96a5ef70_0 .net "output_addr", 18 0, v0x653e96a603f0_0;  1 drivers
v0x653e96a5f050 .array "output_buffer", 3 0, 31 0;
v0x653e96a5f110_0 .var "output_head", 1 0;
v0x653e96a5f1f0_0 .var "output_tail", 1 0;
v0x653e96a5f2d0_0 .net "rst_n", 0 0, v0x653e96a606a0_0;  1 drivers
v0x653e96a5f390_0 .net "start", 0 0, v0x653e96a60770_0;  1 drivers
v0x653e96a5f450_0 .var "state", 2 0;
v0x653e96a5f530 .array "sum_stage1", 0 3, 31 0;
v0x653e96a5f5f0 .array "sum_stage2", 0 1, 31 0;
v0x653e96a5f6b0_0 .var "v_final", 0 0;
v0x653e96a5f770_0 .var "v_stage1", 0 0;
v0x653e96a5f830_0 .var "v_stage2", 0 0;
E_0x653e96a0f2c0 .event posedge, v0x653e96a5e710_0;
E_0x653e969f49b0/0 .event negedge, v0x653e96a5f2d0_0;
E_0x653e969f49b0/1 .event posedge, v0x653e96a5e710_0;
E_0x653e969f49b0 .event/or E_0x653e969f49b0/0, E_0x653e969f49b0/1;
    .scope S_0x653e96a3f890;
T_0 ;
    %wait E_0x653e969f49b0;
    %load/vec4 v0x653e96a5f2d0_0;
    %nor/r;
    %flag_set/vec4 8;
    %jmp/0xz  T_0.0, 8;
    %pushi/vec4 0, 0, 3;
    %assign/vec4 v0x653e96a5f450_0, 0;
    %pushi/vec4 0, 0, 1;
    %assign/vec4 v0x653e96a5e490_0, 0;
    %pushi/vec4 0, 0, 1;
    %assign/vec4 v0x653e96a5ea70_0, 0;
    %pushi/vec4 0, 0, 32;
    %assign/vec4 v0x653e96a5e7d0_0, 0;
    %pushi/vec4 0, 0, 2;
    %assign/vec4 v0x653e96a5edb0_0, 0;
    %pushi/vec4 0, 0, 2;
    %assign/vec4 v0x653e96a5ee90_0, 0;
    %pushi/vec4 0, 0, 2;
    %assign/vec4 v0x653e96a5f110_0, 0;
    %pushi/vec4 0, 0, 2;
    %assign/vec4 v0x653e96a5f1f0_0, 0;
    %pushi/vec4 0, 0, 19;
    %assign/vec4 v0x653e96a5e8b0_0, 0;
    %pushi/vec4 0, 0, 19;
    %assign/vec4 v0x653e96a5e990_0, 0;
    %pushi/vec4 0, 0, 1;
    %assign/vec4 v0x653e96a5f770_0, 0;
    %pushi/vec4 0, 0, 1;
    %assign/vec4 v0x653e96a5f830_0, 0;
    %pushi/vec4 0, 0, 1;
    %assign/vec4 v0x653e96a5f6b0_0, 0;
    %jmp T_0.1;
T_0.0 ;
    %load/vec4 v0x653e96a5f450_0;
    %dup/vec4;
    %pushi/vec4 0, 0, 3;
    %cmp/u;
    %jmp/1 T_0.2, 6;
    %dup/vec4;
    %pushi/vec4 1, 0, 3;
    %cmp/u;
    %jmp/1 T_0.3, 6;
    %dup/vec4;
    %pushi/vec4 2, 0, 3;
    %cmp/u;
    %jmp/1 T_0.4, 6;
    %dup/vec4;
    %pushi/vec4 3, 0, 3;
    %cmp/u;
    %jmp/1 T_0.5, 6;
    %dup/vec4;
    %pushi/vec4 5, 0, 3;
    %cmp/u;
    %jmp/1 T_0.6, 6;
    %dup/vec4;
    %pushi/vec4 6, 0, 3;
    %cmp/u;
    %jmp/1 T_0.7, 6;
    %jmp T_0.8;
T_0.2 ;
    %load/vec4 v0x653e96a5f390_0;
    %flag_set/vec4 8;
    %jmp/0xz  T_0.9, 8;
    %pushi/vec4 1, 0, 3;
    %assign/vec4 v0x653e96a5f450_0, 0;
    %load/vec4 v0x653e96a5ec10_0;
    %assign/vec4 v0x653e96a5e8b0_0, 0;
    %load/vec4 v0x653e96a5ef70_0;
    %assign/vec4 v0x653e96a5e990_0, 0;
    %pushi/vec4 0, 0, 32;
    %assign/vec4 v0x653e96a5e7d0_0, 0;
T_0.9 ;
    %jmp T_0.8;
T_0.3 ;
    %load/vec4 v0x653e96a5e7d0_0;
    %load/vec4 v0x653e96a38a00_0;
    %cmp/u;
    %flag_get/vec4 5;
    %load/vec4 v0x653e96a5edb0_0;
    %pad/u 32;
    %load/vec4 v0x653e96a5ee90_0;
    %pad/u 32;
    %sub;
    %cmpi/u 4, 0, 32;
    %flag_get/vec4 5;
    %and;
    %flag_set/vec4 8;
    %jmp/0xz  T_0.11, 8;
    %pushi/vec4 1, 0, 1;
    %assign/vec4 v0x653e96a5e490_0, 0;
    %load/vec4 v0x653e96a5e8b0_0;
    %assign/vec4 v0x653e96a38aa0_0, 0;
    %pushi/vec4 0, 0, 32;
    %assign/vec4 v0x653e96a5e630_0, 0;
    %load/vec4 v0x653e96a05640_0;
    %flag_set/vec4 8;
    %jmp/0xz  T_0.13, 8;
    %pushi/vec4 0, 0, 1;
    %assign/vec4 v0x653e96a5e490_0, 0;
    %load/vec4 v0x653e96a5e8b0_0;
    %addi 1, 0, 19;
    %assign/vec4 v0x653e96a5e8b0_0, 0;
    %pushi/vec4 2, 0, 3;
    %assign/vec4 v0x653e96a5f450_0, 0;
T_0.13 ;
    %jmp T_0.12;
T_0.11 ;
    %pushi/vec4 3, 0, 3;
    %assign/vec4 v0x653e96a5f450_0, 0;
T_0.12 ;
    %jmp T_0.8;
T_0.4 ;
    %load/vec4 v0x653e96a056e0_0;
    %flag_set/vec4 8;
    %jmp/0xz  T_0.15, 8;
    %load/vec4 v0x653e96a3ed40_0;
    %load/vec4 v0x653e96a5ee90_0;
    %pad/u 4;
    %ix/vec4 3;
    %ix/load 4, 0, 0; Constant delay
    %assign/vec4/a/d v0x653e96a5ecf0, 0, 4;
    %load/vec4 v0x653e96a5ee90_0;
    %addi 1, 0, 2;
    %assign/vec4 v0x653e96a5ee90_0, 0;
    %pushi/vec4 1, 0, 3;
    %assign/vec4 v0x653e96a5f450_0, 0;
T_0.15 ;
    %jmp T_0.8;
T_0.5 ;
    %load/vec4 v0x653e96a5f110_0;
    %load/vec4 v0x653e96a5f1f0_0;
    %cmp/ne;
    %flag_get/vec4 4;
    %load/vec4 v0x653e96a5e490_0;
    %nor/r;
    %and;
    %flag_set/vec4 8;
    %jmp/0xz  T_0.17, 8;
    %pushi/vec4 1, 0, 1;
    %assign/vec4 v0x653e96a5e490_0, 0;
    %load/vec4 v0x653e96a5e990_0;
    %assign/vec4 v0x653e96a38aa0_0, 0;
    %pushi/vec4 0, 0, 224;
    %load/vec4 v0x653e96a5f110_0;
    %pad/u 4;
    %ix/vec4 4;
    %load/vec4a v0x653e96a5f050, 4;
    %concat/vec4; draw_concat_vec4
    %assign/vec4 v0x653e96a5e550_0, 0;
    %pushi/vec4 15, 0, 32;
    %assign/vec4 v0x653e96a5e630_0, 0;
    %jmp T_0.18;
T_0.17 ;
    %load/vec4 v0x653e96a5edb0_0;
    %pad/u 32;
    %load/vec4 v0x653e96a5ee90_0;
    %pad/u 32;
    %sub;
    %cmpi/u 4, 0, 32;
    %flag_get/vec4 5;
    %load/vec4 v0x653e96a5e7d0_0;
    %load/vec4 v0x653e96a38a00_0;
    %cmp/u;
    %flag_get/vec4 5;
    %and;
    %load/vec4 v0x653e96a5e490_0;
    %nor/r;
    %and;
    %flag_set/vec4 8;
    %jmp/0xz  T_0.19, 8;
    %pushi/vec4 1, 0, 1;
    %assign/vec4 v0x653e96a5e490_0, 0;
    %load/vec4 v0x653e96a5e8b0_0;
    %assign/vec4 v0x653e96a38aa0_0, 0;
    %pushi/vec4 0, 0, 32;
    %assign/vec4 v0x653e96a5e630_0, 0;
T_0.19 ;
T_0.18 ;
    %load/vec4 v0x653e96a5e490_0;
    %load/vec4 v0x653e96a05640_0;
    %and;
    %flag_set/vec4 8;
    %jmp/0xz  T_0.21, 8;
    %pushi/vec4 0, 0, 1;
    %assign/vec4 v0x653e96a5e490_0, 0;
    %load/vec4 v0x653e96a5e630_0;
    %cmpi/ne 0, 0, 32;
    %jmp/0xz  T_0.23, 4;
    %load/vec4 v0x653e96a5f110_0;
    %addi 1, 0, 2;
    %assign/vec4 v0x653e96a5f110_0, 0;
    %load/vec4 v0x653e96a5e990_0;
    %addi 1, 0, 19;
    %assign/vec4 v0x653e96a5e990_0, 0;
    %jmp T_0.24;
T_0.23 ;
    %load/vec4 v0x653e96a5e8b0_0;
    %addi 1, 0, 19;
    %assign/vec4 v0x653e96a5e8b0_0, 0;
T_0.24 ;
T_0.21 ;
    %load/vec4 v0x653e96a056e0_0;
    %flag_set/vec4 8;
    %jmp/0xz  T_0.25, 8;
    %load/vec4 v0x653e96a3ed40_0;
    %load/vec4 v0x653e96a5ee90_0;
    %pad/u 4;
    %ix/vec4 3;
    %ix/load 4, 0, 0; Constant delay
    %assign/vec4/a/d v0x653e96a5ecf0, 0, 4;
    %load/vec4 v0x653e96a5ee90_0;
    %addi 1, 0, 2;
    %assign/vec4 v0x653e96a5ee90_0, 0;
T_0.25 ;
    %load/vec4 v0x653e96a5edb0_0;
    %load/vec4 v0x653e96a5ee90_0;
    %cmp/ne;
    %jmp/0xz  T_0.27, 4;
    %load/vec4 v0x653e96a5edb0_0;
    %pad/u 4;
    %ix/vec4 4;
    %load/vec4a v0x653e96a5ecf0, 4;
    %parti/s 32, 0, 2;
    %load/vec4 v0x653e96a5edb0_0;
    %pad/u 4;
    %ix/vec4 4;
    %load/vec4a v0x653e96a5ecf0, 4;
    %parti/s 32, 32, 7;
    %add;
    %ix/load 3, 0, 0;
    %flag_set/imm 4, 0;
    %ix/load 4, 0, 0; Constant delay
    %assign/vec4/a/d v0x653e96a5f530, 0, 4;
    %load/vec4 v0x653e96a5edb0_0;
    %pad/u 4;
    %ix/vec4 4;
    %load/vec4a v0x653e96a5ecf0, 4;
    %parti/s 32, 64, 8;
    %load/vec4 v0x653e96a5edb0_0;
    %pad/u 4;
    %ix/vec4 4;
    %load/vec4a v0x653e96a5ecf0, 4;
    %parti/s 32, 96, 8;
    %add;
    %ix/load 3, 1, 0;
    %flag_set/imm 4, 0;
    %ix/load 4, 0, 0; Constant delay
    %assign/vec4/a/d v0x653e96a5f530, 0, 4;
    %load/vec4 v0x653e96a5edb0_0;
    %pad/u 4;
    %ix/vec4 4;
    %load/vec4a v0x653e96a5ecf0, 4;
    %parti/s 32, 128, 9;
    %load/vec4 v0x653e96a5edb0_0;
    %pad/u 4;
    %ix/vec4 4;
    %load/vec4a v0x653e96a5ecf0, 4;
    %parti/s 32, 160, 9;
    %add;
    %ix/load 3, 2, 0;
    %flag_set/imm 4, 0;
    %ix/load 4, 0, 0; Constant delay
    %assign/vec4/a/d v0x653e96a5f530, 0, 4;
    %load/vec4 v0x653e96a5edb0_0;
    %pad/u 4;
    %ix/vec4 4;
    %load/vec4a v0x653e96a5ecf0, 4;
    %parti/s 32, 192, 9;
    %load/vec4 v0x653e96a5edb0_0;
    %pad/u 4;
    %ix/vec4 4;
    %load/vec4a v0x653e96a5ecf0, 4;
    %parti/s 32, 224, 9;
    %add;
    %ix/load 3, 3, 0;
    %flag_set/imm 4, 0;
    %ix/load 4, 0, 0; Constant delay
    %assign/vec4/a/d v0x653e96a5f530, 0, 4;
    %pushi/vec4 1, 0, 1;
    %assign/vec4 v0x653e96a5f770_0, 0;
    %load/vec4 v0x653e96a5edb0_0;
    %addi 1, 0, 2;
    %assign/vec4 v0x653e96a5edb0_0, 0;
    %jmp T_0.28;
T_0.27 ;
    %pushi/vec4 0, 0, 1;
    %assign/vec4 v0x653e96a5f770_0, 0;
T_0.28 ;
    %load/vec4 v0x653e96a5f770_0;
    %flag_set/vec4 8;
    %jmp/0xz  T_0.29, 8;
    %ix/load 4, 0, 0;
    %flag_set/imm 4, 0;
    %load/vec4a v0x653e96a5f530, 4;
    %ix/load 4, 1, 0;
    %flag_set/imm 4, 0;
    %load/vec4a v0x653e96a5f530, 4;
    %add;
    %ix/load 3, 0, 0;
    %flag_set/imm 4, 0;
    %ix/load 4, 0, 0; Constant delay
    %assign/vec4/a/d v0x653e96a5f5f0, 0, 4;
    %ix/load 4, 2, 0;
    %flag_set/imm 4, 0;
    %load/vec4a v0x653e96a5f530, 4;
    %ix/load 4, 3, 0;
    %flag_set/imm 4, 0;
    %load/vec4a v0x653e96a5f530, 4;
    %add;
    %ix/load 3, 1, 0;
    %flag_set/imm 4, 0;
    %ix/load 4, 0, 0; Constant delay
    %assign/vec4/a/d v0x653e96a5f5f0, 0, 4;
    %pushi/vec4 1, 0, 1;
    %assign/vec4 v0x653e96a5f830_0, 0;
    %jmp T_0.30;
T_0.29 ;
    %pushi/vec4 0, 0, 1;
    %assign/vec4 v0x653e96a5f830_0, 0;
T_0.30 ;
    %load/vec4 v0x653e96a5f830_0;
    %flag_set/vec4 8;
    %jmp/0xz  T_0.31, 8;
    %ix/load 4, 0, 0;
    %flag_set/imm 4, 0;
    %load/vec4a v0x653e96a5f5f0, 4;
    %ix/load 4, 1, 0;
    %flag_set/imm 4, 0;
    %load/vec4a v0x653e96a5f5f0, 4;
    %add;
    %assign/vec4 v0x653e96a5eb30_0, 0;
    %pushi/vec4 1, 0, 1;
    %assign/vec4 v0x653e96a5f6b0_0, 0;
    %jmp T_0.32;
T_0.31 ;
    %pushi/vec4 0, 0, 1;
    %assign/vec4 v0x653e96a5f6b0_0, 0;
T_0.32 ;
    %load/vec4 v0x653e96a5f6b0_0;
    %flag_set/vec4 8;
    %jmp/0xz  T_0.33, 8;
    %load/vec4 v0x653e96a5eb30_0;
    %load/vec4 v0x653e96a5f1f0_0;
    %pad/u 4;
    %ix/vec4 3;
    %ix/load 4, 0, 0; Constant delay
    %assign/vec4/a/d v0x653e96a5f050, 0, 4;
    %load/vec4 v0x653e96a5f1f0_0;
    %addi 1, 0, 2;
    %assign/vec4 v0x653e96a5f1f0_0, 0;
    %load/vec4 v0x653e96a5e7d0_0;
    %addi 1, 0, 32;
    %assign/vec4 v0x653e96a5e7d0_0, 0;
T_0.33 ;
    %load/vec4 v0x653e96a5e7d0_0;
    %load/vec4 v0x653e96a38a00_0;
    %cmp/e;
    %flag_get/vec4 4;
    %load/vec4 v0x653e96a5f110_0;
    %load/vec4 v0x653e96a5f1f0_0;
    %cmp/e;
    %flag_get/vec4 4;
    %and;
    %flag_set/vec4 8;
    %jmp/0xz  T_0.35, 8;
    %pushi/vec4 6, 0, 3;
    %assign/vec4 v0x653e96a5f450_0, 0;
T_0.35 ;
    %jmp T_0.8;
T_0.6 ;
    %pushi/vec4 3, 0, 3;
    %assign/vec4 v0x653e96a5f450_0, 0;
    %jmp T_0.8;
T_0.7 ;
    %pushi/vec4 1, 0, 1;
    %assign/vec4 v0x653e96a5ea70_0, 0;
    %pushi/vec4 0, 0, 3;
    %assign/vec4 v0x653e96a5f450_0, 0;
    %jmp T_0.8;
T_0.8 ;
    %pop/vec4 1;
T_0.1 ;
    %jmp T_0;
    .thread T_0;
    .scope S_0x653e96a3f890;
T_1 ;
    %wait E_0x653e969f49b0;
    %load/vec4 v0x653e96a5f2d0_0;
    %nor/r;
    %flag_set/vec4 8;
    %jmp/0xz  T_1.0, 8;
    %pushi/vec4 0, 0, 32;
    %ix/load 3, 0, 0;
    %flag_set/imm 4, 0;
    %ix/load 4, 0, 0; Constant delay
    %assign/vec4/a/d v0x653e96a5f5f0, 0, 4;
    %pushi/vec4 0, 0, 32;
    %ix/load 3, 1, 0;
    %flag_set/imm 4, 0;
    %ix/load 4, 0, 0; Constant delay
    %assign/vec4/a/d v0x653e96a5f5f0, 0, 4;
    %pushi/vec4 0, 0, 1;
    %assign/vec4 v0x653e96a5f830_0, 0;
    %jmp T_1.1;
T_1.0 ;
    %load/vec4 v0x653e96a5f770_0;
    %flag_set/vec4 8;
    %jmp/0xz  T_1.2, 8;
    %ix/load 4, 0, 0;
    %flag_set/imm 4, 0;
    %load/vec4a v0x653e96a5f530, 4;
    %ix/load 4, 1, 0;
    %flag_set/imm 4, 0;
    %load/vec4a v0x653e96a5f530, 4;
    %add;
    %ix/load 3, 0, 0;
    %flag_set/imm 4, 0;
    %ix/load 4, 0, 0; Constant delay
    %assign/vec4/a/d v0x653e96a5f5f0, 0, 4;
    %ix/load 4, 2, 0;
    %flag_set/imm 4, 0;
    %load/vec4a v0x653e96a5f530, 4;
    %ix/load 4, 3, 0;
    %flag_set/imm 4, 0;
    %load/vec4a v0x653e96a5f530, 4;
    %add;
    %ix/load 3, 1, 0;
    %flag_set/imm 4, 0;
    %ix/load 4, 0, 0; Constant delay
    %assign/vec4/a/d v0x653e96a5f5f0, 0, 4;
    %pushi/vec4 1, 0, 1;
    %assign/vec4 v0x653e96a5f830_0, 0;
    %jmp T_1.3;
T_1.2 ;
    %pushi/vec4 0, 0, 1;
    %assign/vec4 v0x653e96a5f830_0, 0;
T_1.3 ;
T_1.1 ;
    %jmp T_1;
    .thread T_1;
    .scope S_0x653e96a3f890;
T_2 ;
    %wait E_0x653e96a0f2c0;
    %vpi_call 3 210 "$display", "State: %d, Count: %d", v0x653e96a5f450_0, v0x653e96a5e7d0_0 {0 0 0};
    %jmp T_2;
    .thread T_2;
    .scope S_0x653e96a3bb10;
T_3 ;
    %vpi_call 2 49 "$dumpfile", "memory_wrapper.vcd" {0 0 0};
    %vpi_call 2 50 "$dumpvars", 32'sb00000000000000000000000000000000, S_0x653e96a3bb10 {0 0 0};
    %end;
    .thread T_3;
    .scope S_0x653e96a3bb10;
T_4 ;
    %delay 5, 0;
    %load/vec4 v0x653e96a600e0_0;
    %inv;
    %store/vec4 v0x653e96a600e0_0, 0, 1;
    %jmp T_4;
    .thread T_4;
    .scope S_0x653e96a3bb10;
T_5 ;
    %wait E_0x653e969f49b0;
    %load/vec4 v0x653e96a606a0_0;
    %nor/r;
    %flag_set/vec4 8;
    %jmp/0xz  T_5.0, 8;
    %pushi/vec4 0, 0, 1;
    %assign/vec4 v0x653e96a5fd00_0, 0;
    %pushi/vec4 0, 0, 1;
    %assign/vec4 v0x653e96a5fdd0_0, 0;
    %pushi/vec4 0, 0, 256;
    %assign/vec4 v0x653e96a5fc30_0, 0;
    %pushi/vec4 0, 0, 1;
    %assign/vec4 v0x653e96a60600_0, 0;
    %pushi/vec4 0, 0, 2;
    %assign/vec4 v0x653e96a60560_0, 0;
    %jmp T_5.1;
T_5.0 ;
    %pushi/vec4 0, 0, 1;
    %assign/vec4 v0x653e96a5fd00_0, 0;
    %pushi/vec4 0, 0, 1;
    %assign/vec4 v0x653e96a5fdd0_0, 0;
    %load/vec4 v0x653e96a5fe70_0;
    %load/vec4 v0x653e96a60010_0;
    %pushi/vec4 0, 0, 32;
    %cmp/e;
    %flag_get/vec4 4;
    %and;
    %load/vec4 v0x653e96a60600_0;
    %nor/r;
    %and;
    %flag_set/vec4 8;
    %jmp/0xz  T_5.2, 8;
    %pushi/vec4 1, 0, 1;
    %assign/vec4 v0x653e96a5fd00_0, 0;
    %load/vec4 v0x653e96a5fb90_0;
    %assign/vec4 v0x653e96a604c0_0, 0;
    %pushi/vec4 1, 0, 1;
    %assign/vec4 v0x653e96a60600_0, 0;
    %pushi/vec4 2, 0, 2;
    %assign/vec4 v0x653e96a60560_0, 0;
T_5.2 ;
    %load/vec4 v0x653e96a60600_0;
    %flag_set/vec4 8;
    %jmp/0xz  T_5.4, 8;
    %load/vec4 v0x653e96a60560_0;
    %pad/u 32;
    %cmpi/e 0, 0, 32;
    %jmp/0xz  T_5.6, 4;
    %ix/getv 4, v0x653e96a604c0_0;
    %load/vec4a v0x653e96a60350, 4;
    %assign/vec4 v0x653e96a5fc30_0, 0;
    %pushi/vec4 1, 0, 1;
    %assign/vec4 v0x653e96a5fdd0_0, 0;
    %pushi/vec4 0, 0, 1;
    %assign/vec4 v0x653e96a60600_0, 0;
    %jmp T_5.7;
T_5.6 ;
    %load/vec4 v0x653e96a60560_0;
    %subi 1, 0, 2;
    %assign/vec4 v0x653e96a60560_0, 0;
T_5.7 ;
T_5.4 ;
    %load/vec4 v0x653e96a5fe70_0;
    %load/vec4 v0x653e96a60010_0;
    %pushi/vec4 0, 0, 32;
    %cmp/ne;
    %flag_get/vec4 4;
    %and;
    %flag_set/vec4 8;
    %jmp/0xz  T_5.8, 8;
    %pushi/vec4 1, 0, 1;
    %assign/vec4 v0x653e96a5fd00_0, 0;
    %load/vec4 v0x653e96a60010_0;
    %parti/s 4, 0, 2;
    %cmpi/e 15, 0, 4;
    %jmp/0xz  T_5.10, 4;
    %load/vec4 v0x653e96a5ff40_0;
    %parti/s 32, 0, 2;
    %ix/getv 3, v0x653e96a5fb90_0;
    %ix/load 4, 0, 0; Constant delay
    %assign/vec4/a/d v0x653e96a60350, 0, 4;
T_5.10 ;
T_5.8 ;
T_5.1 ;
    %jmp T_5;
    .thread T_5;
    .scope S_0x653e96a3bb10;
T_6 ;
    %pushi/vec4 3758096384, 0, 61;
    %concati/vec4 3221225472, 0, 32;
    %concati/vec4 2684354560, 0, 32;
    %concati/vec4 2147483648, 0, 32;
    %concati/vec4 3221225472, 0, 33;
    %concati/vec4 2147483648, 0, 32;
    %concati/vec4 2147483648, 0, 33;
    %concati/vec4 0, 0, 1;
    %ix/load 4, 0, 0;
    %flag_set/imm 4, 0;
    %store/vec4a v0x653e96a60350, 4, 0;
    %pushi/vec4 4026531840, 0, 60;
    %concati/vec4 3758096384, 0, 32;
    %concati/vec4 3489660928, 0, 32;
    %concati/vec4 3221225472, 0, 32;
    %concati/vec4 2952790016, 0, 32;
    %concati/vec4 2684354560, 0, 32;
    %concati/vec4 2415919104, 0, 32;
    %concati/vec4 8, 0, 4;
    %ix/load 4, 1, 0;
    %flag_set/imm 4, 0;
    %store/vec4a v0x653e96a60350, 4, 0;
    %pushi/vec4 0, 0, 256;
    %ix/load 4, 16, 0;
    %flag_set/imm 4, 0;
    %store/vec4a v0x653e96a60350, 4, 0;
    %pushi/vec4 0, 0, 256;
    %ix/load 4, 17, 0;
    %flag_set/imm 4, 0;
    %store/vec4a v0x653e96a60350, 4, 0;
    %pushi/vec4 0, 0, 1;
    %store/vec4 v0x653e96a600e0_0, 0, 1;
    %pushi/vec4 0, 0, 1;
    %store/vec4 v0x653e96a606a0_0, 0, 1;
    %pushi/vec4 0, 0, 1;
    %store/vec4 v0x653e96a60770_0, 0, 1;
    %pushi/vec4 0, 0, 19;
    %store/vec4 v0x653e96a60280_0, 0, 19;
    %pushi/vec4 16, 0, 19;
    %store/vec4 v0x653e96a603f0_0, 0, 19;
    %pushi/vec4 2, 0, 32;
    %store/vec4 v0x653e96a5fab0_0, 0, 32;
    %delay 10, 0;
    %pushi/vec4 1, 0, 1;
    %store/vec4 v0x653e96a606a0_0, 0, 1;
    %delay 10, 0;
    %pushi/vec4 1, 0, 1;
    %store/vec4 v0x653e96a60770_0, 0, 1;
    %delay 10, 0;
    %pushi/vec4 0, 0, 1;
    %store/vec4 v0x653e96a60770_0, 0, 1;
T_6.0 ;
    %load/vec4 v0x653e96a601b0_0;
    %pad/u 32;
    %pushi/vec4 1, 0, 32;
    %cmp/e;
    %flag_get/vec4 4;
    %cmpi/ne 1, 0, 1;
    %jmp/0xz T_6.1, 6;
    %wait E_0x653e96a0eb40;
    %jmp T_6.0;
T_6.1 ;
    %delay 10, 0;
    %ix/load 4, 16, 0;
    %flag_set/imm 4, 0;
    %load/vec4a v0x653e96a60350, 4;
    %parti/s 32, 0, 2;
    %pushi/vec4 28, 0, 32;
    %cmp/e;
    %flag_get/vec4 4;
    %ix/load 4, 17, 0;
    %flag_set/imm 4, 0;
    %load/vec4a v0x653e96a60350, 4;
    %parti/s 32, 0, 2;
    %pushi/vec4 92, 0, 32;
    %cmp/e;
    %flag_get/vec4 4;
    %and;
    %flag_set/vec4 8;
    %jmp/0xz  T_6.2, 8;
    %vpi_call 2 132 "$display", "Test passed!" {0 0 0};
    %jmp T_6.3;
T_6.2 ;
    %vpi_call 2 134 "$display", "Test failed!" {0 0 0};
    %vpi_call 2 135 "$display", "memory[16][31:0] = %h, expected 0000001C", &APV<v0x653e96a60350, 16, 0, 32> {0 0 0};
    %vpi_call 2 136 "$display", "memory[17][31:0] = %h, expected 0000005C", &APV<v0x653e96a60350, 17, 0, 32> {0 0 0};
T_6.3 ;
    %vpi_call 2 139 "$finish" {0 0 0};
    %end;
    .thread T_6;
    .scope S_0x653e96a3bb10;
T_7 ;
    %wait E_0x653e96a0f2c0;
    %load/vec4 v0x653e96a5fe70_0;
    %load/vec4 v0x653e96a5fd00_0;
    %and;
    %flag_set/vec4 8;
    %jmp/0xz  T_7.0, 8;
    %load/vec4 v0x653e96a60010_0;
    %cmpi/e 0, 0, 32;
    %jmp/0xz  T_7.2, 4;
    %vpi_call 2 146 "$display", "Time %t: Read request issued, addr=%h", $time, v0x653e96a5fb90_0 {0 0 0};
    %jmp T_7.3;
T_7.2 ;
    %vpi_call 2 148 "$display", "Time %t: Write request issued, addr=%h, data=%h, wstrb=%h", $time, v0x653e96a5fb90_0, &PV<v0x653e96a5ff40_0, 0, 32>, v0x653e96a60010_0 {0 0 0};
T_7.3 ;
T_7.0 ;
    %load/vec4 v0x653e96a5fdd0_0;
    %flag_set/vec4 8;
    %jmp/0xz  T_7.4, 8;
    %vpi_call 2 153 "$display", "Time %t: Read response provided, data=%h", $time, v0x653e96a5fc30_0 {0 0 0};
T_7.4 ;
    %jmp T_7;
    .thread T_7;
# The file index is used to find the file name in the following table.
:file_names 4;
    "N/A";
    "<interactive>";
    "8int-sum_v2_tb.v";
    "8int-sum_v2.v";
