#! /usr/bin/vvp
:ivl_version "11.0 (stable)";
:ivl_delay_selection "TYPICAL";
:vpi_time_precision - 12;
:vpi_module "/usr/lib/x86_64-linux-gnu/ivl/system.vpi";
:vpi_module "/usr/lib/x86_64-linux-gnu/ivl/vhdl_sys.vpi";
:vpi_module "/usr/lib/x86_64-linux-gnu/ivl/vhdl_textio.vpi";
:vpi_module "/usr/lib/x86_64-linux-gnu/ivl/v2005_math.vpi";
:vpi_module "/usr/lib/x86_64-linux-gnu/ivl/va_math.vpi";
S_0x586a7b5e6fb0 .scope module, "tb_native_ram" "tb_native_ram" 2 3;
 .timescale -9 -12;
v0x586a7b600fa0_0 .var "addr_i", 24 0;
v0x586a7b601080_0 .var "clk_i", 0 0;
v0x586a7b601150_0 .var "d_i", 255 0;
v0x586a7b601250_0 .net "d_o", 255 0, v0x586a7b600a70_0;  1 drivers
v0x586a7b601320_0 .var "en_i", 0 0;
v0x586a7b601410_0 .var "we_i", 31 0;
S_0x586a7b5e7140 .scope module, "uut" "vec_ram" 2 14, 3 1 0, S_0x586a7b5e6fb0;
 .timescale -9 -12;
    .port_info 0 /INPUT 1 "clk_i";
    .port_info 1 /INPUT 1 "en_i";
    .port_info 2 /INPUT 32 "we_i";
    .port_info 3 /INPUT 25 "addr_i";
    .port_info 4 /INPUT 256 "d_i";
    .port_info 5 /OUTPUT 256 "d_o";
v0x586a7b5e7320_0 .net "addr_i", 24 0, v0x586a7b600fa0_0;  1 drivers
v0x586a7b6008f0_0 .net "clk_i", 0 0, v0x586a7b601080_0;  1 drivers
v0x586a7b6009b0_0 .net "d_i", 255 0, v0x586a7b601150_0;  1 drivers
v0x586a7b600a70_0 .var "d_o", 255 0;
v0x586a7b600b50_0 .net "en_i", 0 0, v0x586a7b601320_0;  1 drivers
v0x586a7b600c60_0 .var/i "i", 31 0;
v0x586a7b600d40 .array "mem", 0 1023, 255 0;
v0x586a7b600e00_0 .net "we_i", 31 0, v0x586a7b601410_0;  1 drivers
E_0x586a7b5e0160 .event posedge, v0x586a7b6008f0_0;
    .scope S_0x586a7b5e7140;
T_0 ;
    %wait E_0x586a7b5e0160;
    %load/vec4 v0x586a7b600b50_0;
    %flag_set/vec4 8;
    %jmp/0xz  T_0.0, 8;
    %pushi/vec4 0, 0, 32;
    %store/vec4 v0x586a7b600c60_0, 0, 32;
T_0.2 ;
    %load/vec4 v0x586a7b600c60_0;
    %cmpi/s 32, 0, 32;
    %jmp/0xz T_0.3, 5;
    %load/vec4 v0x586a7b600e00_0;
    %load/vec4 v0x586a7b600c60_0;
    %part/s 1;
    %flag_set/vec4 8;
    %jmp/0xz  T_0.4, 8;
    %load/vec4 v0x586a7b6009b0_0;
    %load/vec4 v0x586a7b600c60_0;
    %muli 8, 0, 32;
    %part/s 8;
    %ix/getv 4, v0x586a7b5e7320_0;
    %flag_mov 8, 4;
    %load/vec4 v0x586a7b600c60_0;
    %muli 8, 0, 32;
    %ix/vec4/s 5;
    %flag_or 8, 4;
    %ix/load 6, 0, 0; Constant delay
    %ix/mov 3, 4;
    %flag_mov 4, 8;
    %assign/vec4/a/d v0x586a7b600d40, 5, 6;
T_0.4 ;
    %load/vec4 v0x586a7b600c60_0;
    %addi 1, 0, 32;
    %store/vec4 v0x586a7b600c60_0, 0, 32;
    %jmp T_0.2;
T_0.3 ;
    %ix/getv 4, v0x586a7b5e7320_0;
    %load/vec4a v0x586a7b600d40, 4;
    %assign/vec4 v0x586a7b600a70_0, 0;
T_0.0 ;
    %jmp T_0;
    .thread T_0;
    .scope S_0x586a7b5e6fb0;
T_1 ;
    %delay 5000, 0;
    %load/vec4 v0x586a7b601080_0;
    %inv;
    %store/vec4 v0x586a7b601080_0, 0, 1;
    %jmp T_1;
    .thread T_1;
    .scope S_0x586a7b5e6fb0;
T_2 ;
    %pushi/vec4 0, 0, 1;
    %store/vec4 v0x586a7b601080_0, 0, 1;
    %pushi/vec4 0, 0, 1;
    %store/vec4 v0x586a7b601320_0, 0, 1;
    %pushi/vec4 0, 0, 32;
    %store/vec4 v0x586a7b601410_0, 0, 32;
    %pushi/vec4 0, 0, 25;
    %store/vec4 v0x586a7b600fa0_0, 0, 25;
    %pushi/vec4 0, 0, 256;
    %store/vec4 v0x586a7b601150_0, 0, 256;
    %delay 10000, 0;
    %pushi/vec4 1, 0, 1;
    %store/vec4 v0x586a7b601320_0, 0, 1;
    %pushi/vec4 1, 0, 25;
    %store/vec4 v0x586a7b600fa0_0, 0, 25;
    %pushi/vec4 3735928559, 0, 40;
    %concati/vec4 3405691582, 0, 32;
    %concati/vec4 2299632162, 0, 35;
    %concati/vec4 2872294468, 0, 32;
    %concati/vec4 3444956774, 0, 32;
    %concati/vec4 4017616896, 0, 32;
    %concati/vec4 2299632162, 0, 32;
    %concati/vec4 1402487, 0, 21;
    %store/vec4 v0x586a7b601150_0, 0, 256;
    %pushi/vec4 4294967295, 0, 32;
    %store/vec4 v0x586a7b601410_0, 0, 32;
    %delay 10000, 0;
    %pushi/vec4 0, 0, 32;
    %store/vec4 v0x586a7b601410_0, 0, 32;
    %delay 10000, 0;
    %vpi_call 2 49 "$display", "Read Full Word: %h", v0x586a7b601250_0 {0 0 0};
    %load/vec4 v0x586a7b601250_0;
    %pushi/vec4 3735928559, 0, 40;
    %concati/vec4 3405691582, 0, 32;
    %concati/vec4 2299632162, 0, 35;
    %concati/vec4 2872294468, 0, 32;
    %concati/vec4 3444956774, 0, 32;
    %concati/vec4 4017616896, 0, 32;
    %concati/vec4 2299632162, 0, 32;
    %concati/vec4 1402487, 0, 21;
    %cmp/ne;
    %jmp/0xz  T_2.0, 6;
    %vpi_call 2 51 "$display", "ERROR: Full word read mismatch!" {0 0 0};
T_2.0 ;
    %pushi/vec4 2, 0, 25;
    %store/vec4 v0x586a7b600fa0_0, 0, 25;
    %pushi/vec4 2299632162, 0, 227;
    %concati/vec4 359036808, 0, 29;
    %store/vec4 v0x586a7b601150_0, 0, 256;
    %pushi/vec4 255, 0, 32;
    %store/vec4 v0x586a7b601410_0, 0, 32;
    %delay 10000, 0;
    %pushi/vec4 0, 0, 32;
    %store/vec4 v0x586a7b601410_0, 0, 32;
    %delay 10000, 0;
    %vpi_call 2 62 "$display", "Read Partial Word: %h", v0x586a7b601250_0 {0 0 0};
    %load/vec4 v0x586a7b601250_0;
    %parti/s 64, 0, 2;
    %pushi/vec4 2299632162, 0, 35;
    %concati/vec4 359036808, 0, 29;
    %cmp/ne;
    %jmp/0xz  T_2.2, 6;
    %vpi_call 2 64 "$display", "ERROR: Partial write mismatch!" {0 0 0};
T_2.2 ;
    %pushi/vec4 3, 0, 25;
    %store/vec4 v0x586a7b600fa0_0, 0, 25;
    %pushi/vec4 2864434397, 0, 32;
    %concati/vec4 4009689105, 0, 32;
    %concati/vec4 2295140693, 0, 34;
    %concati/vec4 2581471846, 0, 32;
    %concati/vec4 2867802999, 0, 32;
    %concati/vec4 3153854532, 0, 32;
    %concati/vec4 2295140693, 0, 32;
    %concati/vec4 645367961, 0, 30;
    %store/vec4 v0x586a7b601150_0, 0, 256;
    %pushi/vec4 4294967295, 0, 32;
    %store/vec4 v0x586a7b601410_0, 0, 32;
    %delay 10000, 0;
    %pushi/vec4 0, 0, 32;
    %store/vec4 v0x586a7b601410_0, 0, 32;
    %delay 10000, 0;
    %vpi_call 2 75 "$display", "Read Full Word 2: %h", v0x586a7b601250_0 {0 0 0};
    %load/vec4 v0x586a7b601250_0;
    %pushi/vec4 2864434397, 0, 32;
    %concati/vec4 4009689105, 0, 32;
    %concati/vec4 2295140693, 0, 34;
    %concati/vec4 2581471846, 0, 32;
    %concati/vec4 2867802999, 0, 32;
    %concati/vec4 3153854532, 0, 32;
    %concati/vec4 2295140693, 0, 32;
    %concati/vec4 645367961, 0, 30;
    %cmp/ne;
    %jmp/0xz  T_2.4, 6;
    %vpi_call 2 77 "$display", "ERROR: Full word read mismatch!" {0 0 0};
T_2.4 ;
    %vpi_call 2 79 "$display", "Test completed successfully." {0 0 0};
    %vpi_call 2 80 "$stop" {0 0 0};
    %end;
    .thread T_2;
# The file index is used to find the file name in the following table.
:file_names 4;
    "N/A";
    "<interactive>";
    "vec_ram_tb.v";
    "vec_ram.v";
